2024-10-30 15:46:25,361 : INFO : Start of Prediction
2024-10-30 15:46:25,361 : INFO : run_id:2024-10-30_154625_491219356
2024-10-30 15:46:25,361 : INFO : Start of Preprocessing...
2024-10-30 15:46:25,361 : INFO : Start of feature encoding...
2024-10-30 15:46:25,364 : INFO : End of feature encoding...
2024-10-30 15:46:25,364 : INFO : Start of Droping Columns...
2024-10-30 15:46:25,366 : INFO : End of Droping Columns...
2024-10-30 15:46:25,366 : INFO : Start of finding missing values...
2024-10-30 15:46:25,367 : INFO : End of finding missing values...
2024-10-30 15:46:25,379 : INFO : Start of building final predictset...
2024-10-30 15:46:25,384 : INFO : End of building final predictset...
2024-10-30 15:46:25,384 : INFO : End of Preprocessing...
2024-10-30 15:46:25,384 : INFO : Start of Load Model
2024-10-30 15:46:25,385 : INFO : Model File KMeans loaded
2024-10-30 15:46:25,385 : INFO : End of Load Model
2024-10-30 15:46:25,395 : INFO : clusters loop started
2024-10-30 15:46:25,398 : INFO : Start of finding correct model
2024-10-30 15:46:25,398 : INFO : End of finding correct model
2024-10-30 15:46:25,399 : INFO : Start of Load Model
2024-10-30 15:46:25,399 : INFO : Model File XGBoost0 loaded
2024-10-30 15:46:25,399 : INFO : End of Load Model
2024-10-30 15:46:25,410 : INFO : Shape of Data (1, 9)
2024-10-30 15:46:25,418 : INFO : Shape of Data None
2024-10-30 15:46:25,423 : INFO : Output : [1]
2024-10-30 15:46:25,424 : INFO : End of Prediction
