2024-10-30 12:28:51,592 : INFO : Start of Prediction
2024-10-30 12:28:51,593 : INFO : run_id:2024-10-30_122851_278444686
2024-10-30 12:28:51,593 : INFO : Start of Preprocessing...
2024-10-30 12:28:51,593 : INFO : Start of feature encoding...
2024-10-30 12:28:51,597 : INFO : End of feature encoding...
2024-10-30 12:28:51,597 : INFO : Start of Droping Columns...
2024-10-30 12:28:51,598 : INFO : End of Droping Columns...
2024-10-30 12:28:51,598 : INFO : Start of finding missing values...
2024-10-30 12:28:51,600 : INFO : End of finding missing values...
2024-10-30 12:28:51,601 : INFO : Start of building final predictset...
2024-10-30 12:28:51,604 : INFO : End of building final predictset...
2024-10-30 12:28:51,604 : INFO : End of Preprocessing...
2024-10-30 12:28:51,605 : INFO : Start of Load Model
2024-10-30 12:28:51,605 : INFO : Model File KMeans loaded
2024-10-30 12:28:51,605 : INFO : End of Load Model
2024-10-30 12:28:51,686 : INFO : clusters loop started
2024-10-30 12:28:51,687 : INFO : Start of finding correct model
2024-10-30 12:28:51,687 : INFO : End of finding correct model
2024-10-30 12:28:51,687 : INFO : Start of Load Model
2024-10-30 12:28:51,687 : INFO : Model File XGBoost0 loaded
2024-10-30 12:28:51,688 : INFO : End of Load Model
2024-10-30 12:28:51,702 : INFO : Shape of Data (1, 9)
2024-10-30 12:28:51,707 : INFO : Shape of Data None
2024-10-30 12:28:51,709 : INFO : Output : [1]
2024-10-30 12:28:51,709 : INFO : End of Prediction
