2024-10-30 15:28:52,486 : INFO : Start of Prediction
2024-10-30 15:28:52,488 : INFO : run_id:2024-10-30_152852_734129662
2024-10-30 15:28:52,489 : INFO : Start of Preprocessing...
2024-10-30 15:28:52,491 : INFO : Start of feature encoding...
2024-10-30 15:28:52,497 : INFO : End of feature encoding...
2024-10-30 15:28:52,501 : INFO : Start of Droping Columns...
2024-10-30 15:28:52,503 : INFO : End of Droping Columns...
2024-10-30 15:28:52,503 : INFO : Start of finding missing values...
2024-10-30 15:28:52,505 : INFO : End of finding missing values...
2024-10-30 15:28:52,510 : INFO : Start of building final predictset...
2024-10-30 15:28:52,515 : INFO : End of building final predictset...
2024-10-30 15:28:52,516 : INFO : End of Preprocessing...
2024-10-30 15:28:52,516 : INFO : Start of Load Model
2024-10-30 15:28:52,521 : INFO : Model File KMeans loaded
2024-10-30 15:28:52,521 : INFO : End of Load Model
2024-10-30 15:28:52,528 : INFO : clusters loop started
2024-10-30 15:28:52,533 : INFO : Start of finding correct model
2024-10-30 15:28:52,536 : INFO : End of finding correct model
2024-10-30 15:28:52,536 : INFO : Start of Load Model
2024-10-30 15:28:52,536 : INFO : Model File XGBoost2 loaded
2024-10-30 15:28:52,536 : INFO : End of Load Model
2024-10-30 15:28:52,555 : INFO : Shape of Data (1, 9)
2024-10-30 15:28:52,562 : INFO : Shape of Data None
2024-10-30 15:28:52,570 : INFO : Output : [0]
2024-10-30 15:28:52,571 : INFO : End of Prediction
