2024-10-30 15:29:24,635 : INFO : Start of Prediction
2024-10-30 15:29:24,635 : INFO : run_id:2024-10-30_152924_457585584
2024-10-30 15:29:24,635 : INFO : Start of Preprocessing...
2024-10-30 15:29:24,635 : INFO : Start of feature encoding...
2024-10-30 15:29:24,638 : INFO : End of feature encoding...
2024-10-30 15:29:24,638 : INFO : Start of Droping Columns...
2024-10-30 15:29:24,639 : INFO : End of Droping Columns...
2024-10-30 15:29:24,639 : INFO : Start of finding missing values...
2024-10-30 15:29:24,641 : INFO : End of finding missing values...
2024-10-30 15:29:24,652 : INFO : Start of building final predictset...
2024-10-30 15:29:24,658 : INFO : End of building final predictset...
2024-10-30 15:29:24,658 : INFO : End of Preprocessing...
2024-10-30 15:29:24,658 : INFO : Start of Load Model
2024-10-30 15:29:24,659 : INFO : Model File KMeans loaded
2024-10-30 15:29:24,659 : INFO : End of Load Model
2024-10-30 15:29:24,669 : INFO : clusters loop started
2024-10-30 15:29:24,671 : INFO : Start of finding correct model
2024-10-30 15:29:24,672 : INFO : End of finding correct model
2024-10-30 15:29:24,672 : INFO : Start of Load Model
2024-10-30 15:29:24,673 : INFO : Model File XGBoost0 loaded
2024-10-30 15:29:24,673 : INFO : End of Load Model
2024-10-30 15:29:24,683 : INFO : Shape of Data (1, 9)
2024-10-30 15:29:24,691 : INFO : Shape of Data None
2024-10-30 15:29:24,694 : INFO : Output : [1]
2024-10-30 15:29:24,695 : INFO : End of Prediction
