2024-10-30 15:28:30,949 : INFO : Start of Prediction
2024-10-30 15:28:30,949 : INFO : run_id:2024-10-30_152830_368398690
2024-10-30 15:28:30,950 : INFO : Start of Preprocessing...
2024-10-30 15:28:30,950 : INFO : Start of feature encoding...
2024-10-30 15:28:30,953 : INFO : End of feature encoding...
2024-10-30 15:28:30,954 : INFO : Start of Droping Columns...
2024-10-30 15:28:30,955 : INFO : End of Droping Columns...
2024-10-30 15:28:30,955 : INFO : Start of finding missing values...
2024-10-30 15:28:30,956 : INFO : End of finding missing values...
2024-10-30 15:28:30,967 : INFO : Start of building final predictset...
2024-10-30 15:28:30,973 : INFO : End of building final predictset...
2024-10-30 15:28:30,973 : INFO : End of Preprocessing...
2024-10-30 15:28:30,973 : INFO : Start of Load Model
2024-10-30 15:28:30,974 : INFO : Model File KMeans loaded
2024-10-30 15:28:30,974 : INFO : End of Load Model
2024-10-30 15:28:30,985 : INFO : clusters loop started
2024-10-30 15:28:30,988 : INFO : Start of finding correct model
2024-10-30 15:28:30,989 : INFO : End of finding correct model
2024-10-30 15:28:30,989 : INFO : Start of Load Model
2024-10-30 15:28:30,989 : INFO : Model File XGBoost2 loaded
2024-10-30 15:28:30,989 : INFO : End of Load Model
2024-10-30 15:28:30,995 : INFO : Shape of Data (1, 9)
2024-10-30 15:28:31,010 : INFO : Shape of Data None
2024-10-30 15:28:31,014 : INFO : Output : [0]
2024-10-30 15:28:31,014 : INFO : End of Prediction
