2024-10-31 11:10:20,904 : INFO : Start of Prediction
2024-10-31 11:10:20,904 : INFO : run_id:2024-10-31_111020_107296941
2024-10-31 11:10:20,905 : INFO : Start of Preprocessing...
2024-10-31 11:10:20,906 : INFO : Start of feature encoding...
2024-10-31 11:10:20,931 : INFO : End of feature encoding...
2024-10-31 11:10:20,934 : INFO : Start of Droping Columns...
2024-10-31 11:10:20,939 : INFO : End of Droping Columns...
2024-10-31 11:10:20,939 : INFO : Start of finding missing values...
2024-10-31 11:10:21,862 : INFO : End of finding missing values...
2024-10-31 11:10:21,863 : INFO : Start of building final predictset...
2024-10-31 11:10:21,883 : INFO : End of building final predictset...
2024-10-31 11:10:21,883 : INFO : End of Preprocessing...
2024-10-31 11:10:21,883 : INFO : Start of Load Model
2024-10-31 11:10:21,894 : INFO : Model File KMeans loaded
2024-10-31 11:10:21,894 : INFO : End of Load Model
2024-10-31 11:10:21,924 : INFO : clusters loop started
2024-10-31 11:10:21,926 : INFO : Start of finding correct model
2024-10-31 11:10:21,926 : INFO : End of finding correct model
2024-10-31 11:10:21,926 : INFO : Start of Load Model
2024-10-31 11:10:21,937 : INFO : Model File XGBoost0 loaded
2024-10-31 11:10:21,937 : INFO : End of Load Model
2024-10-31 11:10:21,999 : INFO : Shape of Data (1, 9)
2024-10-31 11:10:22,010 : INFO : Shape of Data None
2024-10-31 11:10:22,019 : INFO : Output : [1]
2024-10-31 11:10:22,019 : INFO : End of Prediction
