2024-10-30 15:29:06,831 : INFO : Start of Prediction
2024-10-30 15:29:06,831 : INFO : run_id:2024-10-30_152906_657225707
2024-10-30 15:29:06,832 : INFO : Start of Preprocessing...
2024-10-30 15:29:06,832 : INFO : Start of feature encoding...
2024-10-30 15:29:06,835 : INFO : End of feature encoding...
2024-10-30 15:29:06,835 : INFO : Start of Droping Columns...
2024-10-30 15:29:06,836 : INFO : End of Droping Columns...
2024-10-30 15:29:06,837 : INFO : Start of finding missing values...
2024-10-30 15:29:06,838 : INFO : End of finding missing values...
2024-10-30 15:29:06,839 : INFO : Start of building final predictset...
2024-10-30 15:29:06,847 : INFO : End of building final predictset...
2024-10-30 15:29:06,847 : INFO : End of Preprocessing...
2024-10-30 15:29:06,847 : INFO : Start of Load Model
2024-10-30 15:29:06,848 : INFO : Model File KMeans loaded
2024-10-30 15:29:06,848 : INFO : End of Load Model
2024-10-30 15:29:06,857 : INFO : clusters loop started
2024-10-30 15:29:06,860 : INFO : Start of finding correct model
2024-10-30 15:29:06,861 : INFO : End of finding correct model
2024-10-30 15:29:06,861 : INFO : Start of Load Model
2024-10-30 15:29:06,861 : INFO : Model File XGBoost0 loaded
2024-10-30 15:29:06,862 : INFO : End of Load Model
2024-10-30 15:29:06,873 : INFO : Shape of Data (1, 9)
2024-10-30 15:29:06,881 : INFO : Shape of Data None
2024-10-30 15:29:06,884 : INFO : Output : [0]
2024-10-30 15:29:06,885 : INFO : End of Prediction
