2024-10-30 15:28:56,528 : INFO : Start of Prediction
2024-10-30 15:28:56,529 : INFO : run_id:2024-10-30_152856_470322598
2024-10-30 15:28:56,530 : INFO : Start of Preprocessing...
2024-10-30 15:28:56,530 : INFO : Start of feature encoding...
2024-10-30 15:28:56,535 : INFO : End of feature encoding...
2024-10-30 15:28:56,536 : INFO : Start of Droping Columns...
2024-10-30 15:28:56,538 : INFO : End of Droping Columns...
2024-10-30 15:28:56,539 : INFO : Start of finding missing values...
2024-10-30 15:28:56,540 : INFO : End of finding missing values...
2024-10-30 15:28:56,541 : INFO : Start of building final predictset...
2024-10-30 15:28:56,547 : INFO : End of building final predictset...
2024-10-30 15:28:56,548 : INFO : End of Preprocessing...
2024-10-30 15:28:56,548 : INFO : Start of Load Model
2024-10-30 15:28:56,548 : INFO : Model File KMeans loaded
2024-10-30 15:28:56,550 : INFO : End of Load Model
2024-10-30 15:28:56,560 : INFO : clusters loop started
2024-10-30 15:28:56,563 : INFO : Start of finding correct model
2024-10-30 15:28:56,564 : INFO : End of finding correct model
2024-10-30 15:28:56,564 : INFO : Start of Load Model
2024-10-30 15:28:56,566 : INFO : Model File XGBoost2 loaded
2024-10-30 15:28:56,567 : INFO : End of Load Model
2024-10-30 15:28:56,573 : INFO : Shape of Data (1, 9)
2024-10-30 15:28:56,586 : INFO : Shape of Data None
2024-10-30 15:28:56,590 : INFO : Output : [0]
2024-10-30 15:28:56,590 : INFO : End of Prediction
