2024-10-30 15:28:51,336 : INFO : Start of Prediction
2024-10-30 15:28:51,337 : INFO : run_id:2024-10-30_152851_615146359
2024-10-30 15:28:51,337 : INFO : Start of Preprocessing...
2024-10-30 15:28:51,337 : INFO : Start of feature encoding...
2024-10-30 15:28:51,340 : INFO : End of feature encoding...
2024-10-30 15:28:51,341 : INFO : Start of Droping Columns...
2024-10-30 15:28:51,342 : INFO : End of Droping Columns...
2024-10-30 15:28:51,342 : INFO : Start of finding missing values...
2024-10-30 15:28:51,345 : INFO : End of finding missing values...
2024-10-30 15:28:51,345 : INFO : Start of building final predictset...
2024-10-30 15:28:51,354 : INFO : End of building final predictset...
2024-10-30 15:28:51,355 : INFO : End of Preprocessing...
2024-10-30 15:28:51,355 : INFO : Start of Load Model
2024-10-30 15:28:51,355 : INFO : Model File KMeans loaded
2024-10-30 15:28:51,355 : INFO : End of Load Model
2024-10-30 15:28:51,368 : INFO : clusters loop started
2024-10-30 15:28:51,371 : INFO : Start of finding correct model
2024-10-30 15:28:51,372 : INFO : End of finding correct model
2024-10-30 15:28:51,372 : INFO : Start of Load Model
2024-10-30 15:28:51,372 : INFO : Model File XGBoost2 loaded
2024-10-30 15:28:51,372 : INFO : End of Load Model
2024-10-30 15:28:51,382 : INFO : Shape of Data (1, 9)
2024-10-30 15:28:51,391 : INFO : Shape of Data None
2024-10-30 15:28:51,394 : INFO : Output : [0]
2024-10-30 15:28:51,395 : INFO : End of Prediction
