2024-10-30 15:28:57,642 : INFO : Start of Prediction
2024-10-30 15:28:57,643 : INFO : run_id:2024-10-30_152857_932565432
2024-10-30 15:28:57,643 : INFO : Start of Preprocessing...
2024-10-30 15:28:57,643 : INFO : Start of feature encoding...
2024-10-30 15:28:57,648 : INFO : End of feature encoding...
2024-10-30 15:28:57,650 : INFO : Start of Droping Columns...
2024-10-30 15:28:57,652 : INFO : End of Droping Columns...
2024-10-30 15:28:57,652 : INFO : Start of finding missing values...
2024-10-30 15:28:57,655 : INFO : End of finding missing values...
2024-10-30 15:28:57,666 : INFO : Start of building final predictset...
2024-10-30 15:28:57,672 : INFO : End of building final predictset...
2024-10-30 15:28:57,672 : INFO : End of Preprocessing...
2024-10-30 15:28:57,672 : INFO : Start of Load Model
2024-10-30 15:28:57,672 : INFO : Model File KMeans loaded
2024-10-30 15:28:57,673 : INFO : End of Load Model
2024-10-30 15:28:57,684 : INFO : clusters loop started
2024-10-30 15:28:57,687 : INFO : Start of finding correct model
2024-10-30 15:28:57,688 : INFO : End of finding correct model
2024-10-30 15:28:57,688 : INFO : Start of Load Model
2024-10-30 15:28:57,688 : INFO : Model File XGBoost2 loaded
2024-10-30 15:28:57,688 : INFO : End of Load Model
2024-10-30 15:28:57,694 : INFO : Shape of Data (1, 9)
2024-10-30 15:28:57,706 : INFO : Shape of Data None
2024-10-30 15:28:57,710 : INFO : Output : [0]
2024-10-30 15:28:57,710 : INFO : End of Prediction
