2024-10-30 15:29:06,585 : INFO : Start of Prediction
2024-10-30 15:29:06,585 : INFO : run_id:2024-10-30_152906_815311602
2024-10-30 15:29:06,585 : INFO : Start of Preprocessing...
2024-10-30 15:29:06,585 : INFO : Start of feature encoding...
2024-10-30 15:29:06,588 : INFO : End of feature encoding...
2024-10-30 15:29:06,589 : INFO : Start of Droping Columns...
2024-10-30 15:29:06,590 : INFO : End of Droping Columns...
2024-10-30 15:29:06,590 : INFO : Start of finding missing values...
2024-10-30 15:29:06,592 : INFO : End of finding missing values...
2024-10-30 15:29:06,603 : INFO : Start of building final predictset...
2024-10-30 15:29:06,613 : INFO : End of building final predictset...
2024-10-30 15:29:06,614 : INFO : End of Preprocessing...
2024-10-30 15:29:06,614 : INFO : Start of Load Model
2024-10-30 15:29:06,614 : INFO : Model File KMeans loaded
2024-10-30 15:29:06,614 : INFO : End of Load Model
2024-10-30 15:29:06,623 : INFO : clusters loop started
2024-10-30 15:29:06,625 : INFO : Start of finding correct model
2024-10-30 15:29:06,625 : INFO : End of finding correct model
2024-10-30 15:29:06,626 : INFO : Start of Load Model
2024-10-30 15:29:06,626 : INFO : Model File XGBoost0 loaded
2024-10-30 15:29:06,626 : INFO : End of Load Model
2024-10-30 15:29:06,636 : INFO : Shape of Data (1, 9)
2024-10-30 15:29:06,645 : INFO : Shape of Data None
2024-10-30 15:29:06,649 : INFO : Output : [0]
2024-10-30 15:29:06,649 : INFO : End of Prediction
