2024-10-30 16:11:18,945 : INFO : Start of Prediction
2024-10-30 16:11:18,946 : INFO : run_id:2024-10-30_161118_523333687
2024-10-30 16:11:18,946 : INFO : Start of Preprocessing...
2024-10-30 16:11:18,946 : INFO : Start of feature encoding...
2024-10-30 16:11:18,949 : INFO : End of feature encoding...
2024-10-30 16:11:18,951 : INFO : Start of Droping Columns...
2024-10-30 16:11:18,952 : INFO : End of Droping Columns...
2024-10-30 16:11:18,953 : INFO : Start of finding missing values...
2024-10-30 16:11:18,954 : INFO : End of finding missing values...
2024-10-30 16:11:18,966 : INFO : Start of building final predictset...
2024-10-30 16:11:18,973 : INFO : End of building final predictset...
2024-10-30 16:11:18,973 : INFO : End of Preprocessing...
2024-10-30 16:11:18,973 : INFO : Start of Load Model
2024-10-30 16:11:18,974 : INFO : Model File KMeans loaded
2024-10-30 16:11:18,974 : INFO : End of Load Model
2024-10-30 16:11:19,117 : INFO : clusters loop started
2024-10-30 16:11:19,120 : INFO : Start of finding correct model
2024-10-30 16:11:19,121 : INFO : End of finding correct model
2024-10-30 16:11:19,121 : INFO : Start of Load Model
2024-10-30 16:11:19,121 : INFO : Model File XGBoost0 loaded
2024-10-30 16:11:19,121 : INFO : End of Load Model
2024-10-30 16:11:19,158 : INFO : Shape of Data (1, 9)
2024-10-30 16:11:19,168 : INFO : Shape of Data None
2024-10-30 16:11:19,174 : INFO : Output : [1]
2024-10-30 16:11:19,174 : INFO : End of Prediction
