2024-10-30 16:14:04,472 : INFO : Start of Prediction
2024-10-30 16:14:04,472 : INFO : run_id:2024-10-30_161404_397380321
2024-10-30 16:14:04,472 : INFO : Start of Preprocessing...
2024-10-30 16:14:04,472 : INFO : Start of feature encoding...
2024-10-30 16:14:04,476 : INFO : End of feature encoding...
2024-10-30 16:14:04,477 : INFO : Start of Droping Columns...
2024-10-30 16:14:04,478 : INFO : End of Droping Columns...
2024-10-30 16:14:04,478 : INFO : Start of finding missing values...
2024-10-30 16:14:04,479 : INFO : End of finding missing values...
2024-10-30 16:14:04,491 : INFO : Start of building final predictset...
2024-10-30 16:14:04,498 : INFO : End of building final predictset...
2024-10-30 16:14:04,498 : INFO : End of Preprocessing...
2024-10-30 16:14:04,498 : INFO : Start of Load Model
2024-10-30 16:14:04,498 : INFO : Model File KMeans loaded
2024-10-30 16:14:04,499 : INFO : End of Load Model
2024-10-30 16:14:04,630 : INFO : clusters loop started
2024-10-30 16:14:04,634 : INFO : Start of finding correct model
2024-10-30 16:14:04,634 : INFO : End of finding correct model
2024-10-30 16:14:04,634 : INFO : Start of Load Model
2024-10-30 16:14:04,635 : INFO : Model File XGBoost0 loaded
2024-10-30 16:14:04,635 : INFO : End of Load Model
2024-10-30 16:14:04,658 : INFO : Shape of Data (1, 9)
2024-10-30 16:14:04,668 : INFO : Shape of Data None
2024-10-30 16:14:04,672 : INFO : Output : [1]
2024-10-30 16:14:04,672 : INFO : End of Prediction
