2024-10-30 15:46:17,344 : INFO : Start of Prediction
2024-10-30 15:46:17,344 : INFO : run_id:2024-10-30_154617_254854825
2024-10-30 15:46:17,345 : INFO : Start of Preprocessing...
2024-10-30 15:46:17,345 : INFO : Start of feature encoding...
2024-10-30 15:46:17,348 : INFO : End of feature encoding...
2024-10-30 15:46:17,349 : INFO : Start of Droping Columns...
2024-10-30 15:46:17,351 : INFO : End of Droping Columns...
2024-10-30 15:46:17,351 : INFO : Start of finding missing values...
2024-10-30 15:46:17,353 : INFO : End of finding missing values...
2024-10-30 15:46:17,364 : INFO : Start of building final predictset...
2024-10-30 15:46:17,369 : INFO : End of building final predictset...
2024-10-30 15:46:17,370 : INFO : End of Preprocessing...
2024-10-30 15:46:17,370 : INFO : Start of Load Model
2024-10-30 15:46:17,370 : INFO : Model File KMeans loaded
2024-10-30 15:46:17,371 : INFO : End of Load Model
2024-10-30 15:46:17,383 : INFO : clusters loop started
2024-10-30 15:46:17,387 : INFO : Start of finding correct model
2024-10-30 15:46:17,387 : INFO : End of finding correct model
2024-10-30 15:46:17,388 : INFO : Start of Load Model
2024-10-30 15:46:17,389 : INFO : Model File XGBoost0 loaded
2024-10-30 15:46:17,389 : INFO : End of Load Model
2024-10-30 15:46:17,401 : INFO : Shape of Data (1, 9)
2024-10-30 15:46:17,412 : INFO : Shape of Data None
2024-10-30 15:46:17,416 : INFO : Output : [1]
2024-10-30 15:46:17,416 : INFO : End of Prediction
