2024-10-30 15:28:52,218 : INFO : Start of Prediction
2024-10-30 15:28:52,218 : INFO : run_id:2024-10-30_152852_711794972
2024-10-30 15:28:52,218 : INFO : Start of Preprocessing...
2024-10-30 15:28:52,218 : INFO : Start of feature encoding...
2024-10-30 15:28:52,221 : INFO : End of feature encoding...
2024-10-30 15:28:52,222 : INFO : Start of Droping Columns...
2024-10-30 15:28:52,223 : INFO : End of Droping Columns...
2024-10-30 15:28:52,223 : INFO : Start of finding missing values...
2024-10-30 15:28:52,224 : INFO : End of finding missing values...
2024-10-30 15:28:52,225 : INFO : Start of building final predictset...
2024-10-30 15:28:52,231 : INFO : End of building final predictset...
2024-10-30 15:28:52,231 : INFO : End of Preprocessing...
2024-10-30 15:28:52,231 : INFO : Start of Load Model
2024-10-30 15:28:52,231 : INFO : Model File KMeans loaded
2024-10-30 15:28:52,231 : INFO : End of Load Model
2024-10-30 15:28:52,240 : INFO : clusters loop started
2024-10-30 15:28:52,242 : INFO : Start of finding correct model
2024-10-30 15:28:52,243 : INFO : End of finding correct model
2024-10-30 15:28:52,243 : INFO : Start of Load Model
2024-10-30 15:28:52,244 : INFO : Model File XGBoost2 loaded
2024-10-30 15:28:52,244 : INFO : End of Load Model
2024-10-30 15:28:52,249 : INFO : Shape of Data (1, 9)
2024-10-30 15:28:52,257 : INFO : Shape of Data None
2024-10-30 15:28:52,261 : INFO : Output : [0]
2024-10-30 15:28:52,262 : INFO : End of Prediction
