2024-10-29 22:39:00,715 : INFO : Start of Prediction
2024-10-29 22:39:00,715 : INFO : run_id:2024-10-29_223900_526326669
2024-10-29 22:39:00,716 : INFO : Start of Data Load, validation and transformation
2024-10-29 22:39:00,716 : INFO : Start of Archiving Old Rejected Files...
2024-10-29 22:39:00,716 : INFO : End of Archiving Old Rejected Files...
2024-10-29 22:39:00,718 : INFO : Start of Archiving Old Validated Files...
2024-10-29 22:39:00,718 : INFO : End of Archiving Old Validated Files...
2024-10-29 22:39:00,718 : INFO : Start of Archiving Old Processed Files...
2024-10-29 22:39:00,719 : INFO : End of Archiving Old Processed Files...
2024-10-29 22:39:00,719 : INFO : Start of Archiving Old Result Files...
2024-10-29 22:39:00,720 : INFO : End of Archiving Old Result Files...
2024-10-29 22:39:00,720 : INFO : Start of Reading values From Schema...
2024-10-29 22:39:00,731 : INFO : End of Reading values From Schema...
2024-10-29 22:39:00,731 : INFO : Start of Validating Column Length...
2024-10-29 22:39:00,738 : INFO : End of Validating Column Length...
2024-10-29 22:39:00,738 : INFO : Start of Validating Missing Values...
2024-10-29 22:39:00,746 : INFO : End of Validating Missing Values...
2024-10-29 22:39:00,746 : INFO : Start of Replacing Missing Values with NULL...
2024-10-29 22:39:00,769 : INFO : hr_employee_churn_predict.csv: File Transformed successfully!!
2024-10-29 22:39:00,769 : INFO : End of Replacing Missing Values with NULL...
2024-10-29 22:39:00,769 : INFO : Start of Creating Table...
2024-10-29 22:39:00,770 : INFO : Opened prediction database successfully
2024-10-29 22:39:00,790 : INFO : CREATE TABLE prediction_raw_data_t column_name
2024-10-29 22:39:00,801 : INFO : ALTER TABLE prediction_raw_data_t ADD COLUMN
2024-10-29 22:39:00,814 : INFO : ALTER TABLE prediction_raw_data_t ADD COLUMN
2024-10-29 22:39:00,825 : INFO : ALTER TABLE prediction_raw_data_t ADD COLUMN
2024-10-29 22:39:00,839 : INFO : ALTER TABLE prediction_raw_data_t ADD COLUMN
2024-10-29 22:39:00,850 : INFO : ALTER TABLE prediction_raw_data_t ADD COLUMN
2024-10-29 22:39:00,862 : INFO : ALTER TABLE prediction_raw_data_t ADD COLUMN
2024-10-29 22:39:00,873 : INFO : ALTER TABLE prediction_raw_data_t ADD COLUMN
2024-10-29 22:39:00,886 : INFO : ALTER TABLE prediction_raw_data_t ADD COLUMN
2024-10-29 22:39:00,886 : INFO : End of Creating Table...
2024-10-29 22:39:00,889 : INFO : Opened prediction database successfully
2024-10-29 22:39:00,889 : INFO : Start of Inserting Data into Table...
2024-10-29 22:39:00,947 : INFO : End of Inserting Data into Table...
2024-10-29 22:39:00,947 : INFO : Start of Exporting Data into CSV...
2024-10-29 22:39:00,948 : INFO : Opened prediction database successfully
2024-10-29 22:39:00,951 : INFO : End of Exporting Data into CSV...
2024-10-29 22:39:00,952 : INFO : Start of Moving Processed Files...
2024-10-29 22:39:00,954 : INFO : Moved the already processed file hr_employee_churn_predict.csv
2024-10-29 22:39:00,954 : INFO : End of Moving Processed Files...
2024-10-29 22:39:00,954 : INFO : End of Data Load, validation and transformation
2024-10-29 22:39:00,954 : INFO : Start of Preprocessing...
2024-10-29 22:39:00,954 : INFO : Start of reading dataset...
2024-10-29 22:39:00,966 : INFO : End of reading dataset...
2024-10-29 22:39:00,966 : INFO : Start of feature encoding...
2024-10-29 22:39:00,969 : INFO : End of feature encoding...
2024-10-29 22:39:00,970 : INFO : Start of Droping Columns...
2024-10-29 22:39:00,971 : INFO : End of Droping Columns...
2024-10-29 22:39:00,971 : INFO : Start of finding missing values...
2024-10-29 22:39:00,972 : INFO : End of finding missing values...
2024-10-29 22:39:00,972 : INFO : Start of building final predictset...
2024-10-29 22:39:00,988 : INFO : End of building final predictset...
2024-10-29 22:39:00,989 : INFO : End of Preprocessing...
2024-10-29 22:39:00,989 : INFO : Start of Load Model
2024-10-29 22:39:01,001 : INFO : Model File KMeans loaded
2024-10-29 22:39:01,002 : INFO : End of Load Model
2024-10-29 22:39:01,153 : INFO : clusters loop started
2024-10-29 22:39:01,155 : INFO : Start of finding correct model
2024-10-29 22:39:01,155 : INFO : End of finding correct model
2024-10-29 22:39:01,156 : INFO : Start of Load Model
2024-10-29 22:39:01,166 : INFO : Model File XGBoost0 loaded
2024-10-29 22:39:01,167 : INFO : End of Load Model
2024-10-29 22:39:01,198 : INFO : clusters loop started
2024-10-29 22:39:01,200 : INFO : Start of finding correct model
2024-10-29 22:39:01,201 : INFO : End of finding correct model
2024-10-29 22:39:01,201 : INFO : Start of Load Model
2024-10-29 22:39:01,212 : INFO : Model File XGBoost1 loaded
2024-10-29 22:39:01,212 : INFO : End of Load Model
2024-10-29 22:39:01,235 : INFO : End of Prediction
