2024-10-30 15:29:01,368 : INFO : Start of Prediction
2024-10-30 15:29:01,368 : INFO : run_id:2024-10-30_152901_599970747
2024-10-30 15:29:01,369 : INFO : Start of Preprocessing...
2024-10-30 15:29:01,369 : INFO : Start of feature encoding...
2024-10-30 15:29:01,371 : INFO : End of feature encoding...
2024-10-30 15:29:01,372 : INFO : Start of Droping Columns...
2024-10-30 15:29:01,373 : INFO : End of Droping Columns...
2024-10-30 15:29:01,373 : INFO : Start of finding missing values...
2024-10-30 15:29:01,375 : INFO : End of finding missing values...
2024-10-30 15:29:01,385 : INFO : Start of building final predictset...
2024-10-30 15:29:01,392 : INFO : End of building final predictset...
2024-10-30 15:29:01,392 : INFO : End of Preprocessing...
2024-10-30 15:29:01,392 : INFO : Start of Load Model
2024-10-30 15:29:01,393 : INFO : Model File KMeans loaded
2024-10-30 15:29:01,393 : INFO : End of Load Model
2024-10-30 15:29:01,405 : INFO : clusters loop started
2024-10-30 15:29:01,408 : INFO : Start of finding correct model
2024-10-30 15:29:01,409 : INFO : End of finding correct model
2024-10-30 15:29:01,409 : INFO : Start of Load Model
2024-10-30 15:29:01,409 : INFO : Model File XGBoost2 loaded
2024-10-30 15:29:01,409 : INFO : End of Load Model
2024-10-30 15:29:01,419 : INFO : Shape of Data (1, 9)
2024-10-30 15:29:01,427 : INFO : Shape of Data None
2024-10-30 15:29:01,432 : INFO : Output : [0]
2024-10-30 15:29:01,432 : INFO : End of Prediction
