2024-10-30 15:29:05,858 : INFO : Start of Prediction
2024-10-30 15:29:05,859 : INFO : run_id:2024-10-30_152905_393929536
2024-10-30 15:29:05,859 : INFO : Start of Preprocessing...
2024-10-30 15:29:05,859 : INFO : Start of feature encoding...
2024-10-30 15:29:05,865 : INFO : End of feature encoding...
2024-10-30 15:29:05,866 : INFO : Start of Droping Columns...
2024-10-30 15:29:05,868 : INFO : End of Droping Columns...
2024-10-30 15:29:05,868 : INFO : Start of finding missing values...
2024-10-30 15:29:05,869 : INFO : End of finding missing values...
2024-10-30 15:29:05,880 : INFO : Start of building final predictset...
2024-10-30 15:29:05,886 : INFO : End of building final predictset...
2024-10-30 15:29:05,886 : INFO : End of Preprocessing...
2024-10-30 15:29:05,887 : INFO : Start of Load Model
2024-10-30 15:29:05,887 : INFO : Model File KMeans loaded
2024-10-30 15:29:05,887 : INFO : End of Load Model
2024-10-30 15:29:05,898 : INFO : clusters loop started
2024-10-30 15:29:05,901 : INFO : Start of finding correct model
2024-10-30 15:29:05,902 : INFO : End of finding correct model
2024-10-30 15:29:05,902 : INFO : Start of Load Model
2024-10-30 15:29:05,902 : INFO : Model File XGBoost0 loaded
2024-10-30 15:29:05,902 : INFO : End of Load Model
2024-10-30 15:29:05,914 : INFO : Shape of Data (1, 9)
2024-10-30 15:29:05,923 : INFO : Shape of Data None
2024-10-30 15:29:05,927 : INFO : Output : [0]
2024-10-30 15:29:05,927 : INFO : End of Prediction
