2024-10-30 15:29:06,756 : INFO : Start of Prediction
2024-10-30 15:29:06,757 : INFO : run_id:2024-10-30_152906_945854741
2024-10-30 15:29:06,757 : INFO : Start of Preprocessing...
2024-10-30 15:29:06,757 : INFO : Start of feature encoding...
2024-10-30 15:29:06,760 : INFO : End of feature encoding...
2024-10-30 15:29:06,761 : INFO : Start of Droping Columns...
2024-10-30 15:29:06,762 : INFO : End of Droping Columns...
2024-10-30 15:29:06,762 : INFO : Start of finding missing values...
2024-10-30 15:29:06,764 : INFO : End of finding missing values...
2024-10-30 15:29:06,775 : INFO : Start of building final predictset...
2024-10-30 15:29:06,780 : INFO : End of building final predictset...
2024-10-30 15:29:06,780 : INFO : End of Preprocessing...
2024-10-30 15:29:06,781 : INFO : Start of Load Model
2024-10-30 15:29:06,781 : INFO : Model File KMeans loaded
2024-10-30 15:29:06,781 : INFO : End of Load Model
2024-10-30 15:29:06,789 : INFO : clusters loop started
2024-10-30 15:29:06,792 : INFO : Start of finding correct model
2024-10-30 15:29:06,793 : INFO : End of finding correct model
2024-10-30 15:29:06,793 : INFO : Start of Load Model
2024-10-30 15:29:06,793 : INFO : Model File XGBoost0 loaded
2024-10-30 15:29:06,793 : INFO : End of Load Model
2024-10-30 15:29:06,805 : INFO : Shape of Data (1, 9)
2024-10-30 15:29:06,813 : INFO : Shape of Data None
2024-10-30 15:29:06,817 : INFO : Output : [0]
2024-10-30 15:29:06,817 : INFO : End of Prediction
