2024-10-30 15:27:34,675 : INFO : Start of Prediction
2024-10-30 15:27:34,676 : INFO : run_id:2024-10-30_152734_561911846
2024-10-30 15:27:34,676 : INFO : Start of Preprocessing...
2024-10-30 15:27:34,676 : INFO : Start of feature encoding...
2024-10-30 15:27:34,684 : INFO : End of feature encoding...
2024-10-30 15:27:34,684 : INFO : Start of Droping Columns...
2024-10-30 15:27:34,686 : INFO : End of Droping Columns...
2024-10-30 15:27:34,686 : INFO : Start of finding missing values...
2024-10-30 15:27:34,689 : INFO : End of finding missing values...
2024-10-30 15:27:34,689 : INFO : Start of building final predictset...
2024-10-30 15:27:34,709 : INFO : End of building final predictset...
2024-10-30 15:27:34,709 : INFO : End of Preprocessing...
2024-10-30 15:27:34,709 : INFO : Start of Load Model
2024-10-30 15:27:34,722 : INFO : Model File KMeans loaded
2024-10-30 15:27:34,722 : INFO : End of Load Model
2024-10-30 15:27:34,863 : INFO : clusters loop started
2024-10-30 15:27:34,866 : INFO : Start of finding correct model
2024-10-30 15:27:34,866 : INFO : End of finding correct model
2024-10-30 15:27:34,867 : INFO : Start of Load Model
2024-10-30 15:27:34,880 : INFO : Model File XGBoost0 loaded
2024-10-30 15:27:34,880 : INFO : End of Load Model
2024-10-30 15:27:34,923 : INFO : Shape of Data (1, 9)
2024-10-30 15:27:34,935 : INFO : Shape of Data None
2024-10-30 15:27:34,943 : INFO : Output : [1]
2024-10-30 15:27:34,944 : INFO : End of Prediction
