2024-10-30 12:51:42,939 : INFO : Start of Prediction
2024-10-30 12:51:42,939 : INFO : run_id:2024-10-30_125142_323947804
2024-10-30 12:51:42,939 : INFO : Start of Preprocessing...
2024-10-30 12:51:42,940 : INFO : Start of feature encoding...
2024-10-30 12:51:42,946 : INFO : End of feature encoding...
2024-10-30 12:51:42,946 : INFO : Start of Droping Columns...
2024-10-30 12:51:42,948 : INFO : End of Droping Columns...
2024-10-30 12:51:42,948 : INFO : Start of finding missing values...
2024-10-30 12:51:42,949 : INFO : End of finding missing values...
2024-10-30 12:51:42,949 : INFO : Start of building final predictset...
2024-10-30 12:51:42,954 : INFO : End of building final predictset...
2024-10-30 12:51:42,954 : INFO : End of Preprocessing...
2024-10-30 12:51:42,954 : INFO : Start of Load Model
2024-10-30 12:51:42,955 : INFO : Model File KMeans loaded
2024-10-30 12:51:42,955 : INFO : End of Load Model
2024-10-30 12:51:43,045 : INFO : clusters loop started
2024-10-30 12:51:43,046 : INFO : Start of finding correct model
2024-10-30 12:51:43,046 : INFO : End of finding correct model
2024-10-30 12:51:43,046 : INFO : Start of Load Model
2024-10-30 12:51:43,046 : INFO : Model File XGBoost0 loaded
2024-10-30 12:51:43,046 : INFO : End of Load Model
2024-10-30 12:51:43,073 : INFO : Shape of Data (1, 9)
2024-10-30 12:51:43,081 : INFO : Shape of Data None
2024-10-30 12:51:43,086 : INFO : Output : [1]
2024-10-30 12:51:43,086 : INFO : End of Prediction
