2024-10-30 15:28:44,537 : INFO : Start of Prediction
2024-10-30 15:28:44,537 : INFO : run_id:2024-10-30_152844_663948248
2024-10-30 15:28:44,537 : INFO : Start of Preprocessing...
2024-10-30 15:28:44,537 : INFO : Start of feature encoding...
2024-10-30 15:28:44,540 : INFO : End of feature encoding...
2024-10-30 15:28:44,540 : INFO : Start of Droping Columns...
2024-10-30 15:28:44,541 : INFO : End of Droping Columns...
2024-10-30 15:28:44,541 : INFO : Start of finding missing values...
2024-10-30 15:28:44,543 : INFO : End of finding missing values...
2024-10-30 15:28:44,554 : INFO : Start of building final predictset...
2024-10-30 15:28:44,560 : INFO : End of building final predictset...
2024-10-30 15:28:44,560 : INFO : End of Preprocessing...
2024-10-30 15:28:44,560 : INFO : Start of Load Model
2024-10-30 15:28:44,560 : INFO : Model File KMeans loaded
2024-10-30 15:28:44,560 : INFO : End of Load Model
2024-10-30 15:28:44,570 : INFO : clusters loop started
2024-10-30 15:28:44,572 : INFO : Start of finding correct model
2024-10-30 15:28:44,573 : INFO : End of finding correct model
2024-10-30 15:28:44,574 : INFO : Start of Load Model
2024-10-30 15:28:44,574 : INFO : Model File XGBoost2 loaded
2024-10-30 15:28:44,574 : INFO : End of Load Model
2024-10-30 15:28:44,580 : INFO : Shape of Data (1, 9)
2024-10-30 15:28:44,587 : INFO : Shape of Data None
2024-10-30 15:28:44,591 : INFO : Output : [0]
2024-10-30 15:28:44,592 : INFO : End of Prediction
