2024-10-30 15:29:05,551 : INFO : Start of Prediction
2024-10-30 15:29:05,552 : INFO : run_id:2024-10-30_152905_464856273
2024-10-30 15:29:05,552 : INFO : Start of Preprocessing...
2024-10-30 15:29:05,552 : INFO : Start of feature encoding...
2024-10-30 15:29:05,554 : INFO : End of feature encoding...
2024-10-30 15:29:05,555 : INFO : Start of Droping Columns...
2024-10-30 15:29:05,556 : INFO : End of Droping Columns...
2024-10-30 15:29:05,556 : INFO : Start of finding missing values...
2024-10-30 15:29:05,558 : INFO : End of finding missing values...
2024-10-30 15:29:05,570 : INFO : Start of building final predictset...
2024-10-30 15:29:05,576 : INFO : End of building final predictset...
2024-10-30 15:29:05,576 : INFO : End of Preprocessing...
2024-10-30 15:29:05,576 : INFO : Start of Load Model
2024-10-30 15:29:05,576 : INFO : Model File KMeans loaded
2024-10-30 15:29:05,576 : INFO : End of Load Model
2024-10-30 15:29:05,585 : INFO : clusters loop started
2024-10-30 15:29:05,588 : INFO : Start of finding correct model
2024-10-30 15:29:05,589 : INFO : End of finding correct model
2024-10-30 15:29:05,589 : INFO : Start of Load Model
2024-10-30 15:29:05,589 : INFO : Model File XGBoost0 loaded
2024-10-30 15:29:05,589 : INFO : End of Load Model
2024-10-30 15:29:05,599 : INFO : Shape of Data (1, 9)
2024-10-30 15:29:05,607 : INFO : Shape of Data None
2024-10-30 15:29:05,611 : INFO : Output : [0]
2024-10-30 15:29:05,611 : INFO : End of Prediction
