2024-10-30 22:41:12,803 : INFO : Start of Prediction
2024-10-30 22:41:12,803 : INFO : run_id:2024-10-30_224112_980422372
2024-10-30 22:41:12,803 : INFO : Start of Preprocessing...
2024-10-30 22:41:12,803 : INFO : Start of feature encoding...
2024-10-30 22:41:12,809 : INFO : End of feature encoding...
2024-10-30 22:41:12,810 : INFO : Start of Droping Columns...
2024-10-30 22:41:12,813 : INFO : End of Droping Columns...
2024-10-30 22:41:12,813 : INFO : Start of finding missing values...
2024-10-30 22:41:12,817 : INFO : End of finding missing values...
2024-10-30 22:41:12,818 : INFO : Start of building final predictset...
2024-10-30 22:41:12,826 : INFO : End of building final predictset...
2024-10-30 22:41:12,826 : INFO : End of Preprocessing...
2024-10-30 22:41:12,826 : INFO : Start of Load Model
2024-10-30 22:41:12,828 : INFO : Model File KMeans loaded
2024-10-30 22:41:12,828 : INFO : End of Load Model
2024-10-30 22:41:13,004 : INFO : clusters loop started
2024-10-30 22:41:13,006 : INFO : Start of finding correct model
2024-10-30 22:41:13,006 : INFO : End of finding correct model
2024-10-30 22:41:13,006 : INFO : Start of Load Model
2024-10-30 22:41:13,007 : INFO : Model File XGBoost0 loaded
2024-10-30 22:41:13,008 : INFO : End of Load Model
2024-10-30 22:41:13,048 : INFO : Shape of Data (1, 9)
2024-10-30 22:41:13,058 : INFO : Shape of Data None
2024-10-30 22:41:13,063 : INFO : Output : [1]
2024-10-30 22:41:13,063 : INFO : End of Prediction
