2024-10-30 15:28:39,847 : INFO : Start of Prediction
2024-10-30 15:28:39,848 : INFO : run_id:2024-10-30_152839_728752687
2024-10-30 15:28:39,848 : INFO : Start of Preprocessing...
2024-10-30 15:28:39,848 : INFO : Start of feature encoding...
2024-10-30 15:28:39,852 : INFO : End of feature encoding...
2024-10-30 15:28:39,853 : INFO : Start of Droping Columns...
2024-10-30 15:28:39,855 : INFO : End of Droping Columns...
2024-10-30 15:28:39,855 : INFO : Start of finding missing values...
2024-10-30 15:28:39,857 : INFO : End of finding missing values...
2024-10-30 15:28:39,867 : INFO : Start of building final predictset...
2024-10-30 15:28:39,874 : INFO : End of building final predictset...
2024-10-30 15:28:39,874 : INFO : End of Preprocessing...
2024-10-30 15:28:39,874 : INFO : Start of Load Model
2024-10-30 15:28:39,875 : INFO : Model File KMeans loaded
2024-10-30 15:28:39,875 : INFO : End of Load Model
2024-10-30 15:28:39,887 : INFO : clusters loop started
2024-10-30 15:28:39,890 : INFO : Start of finding correct model
2024-10-30 15:28:39,891 : INFO : End of finding correct model
2024-10-30 15:28:39,891 : INFO : Start of Load Model
2024-10-30 15:28:39,891 : INFO : Model File XGBoost2 loaded
2024-10-30 15:28:39,891 : INFO : End of Load Model
2024-10-30 15:28:39,897 : INFO : Shape of Data (1, 9)
2024-10-30 15:28:39,906 : INFO : Shape of Data None
2024-10-30 15:28:39,910 : INFO : Output : [0]
2024-10-30 15:28:39,910 : INFO : End of Prediction
