2024-10-30 15:29:18,834 : INFO : Start of Prediction
2024-10-30 15:29:18,834 : INFO : run_id:2024-10-30_152918_687595404
2024-10-30 15:29:18,834 : INFO : Start of Preprocessing...
2024-10-30 15:29:18,834 : INFO : Start of feature encoding...
2024-10-30 15:29:18,838 : INFO : End of feature encoding...
2024-10-30 15:29:18,839 : INFO : Start of Droping Columns...
2024-10-30 15:29:18,840 : INFO : End of Droping Columns...
2024-10-30 15:29:18,840 : INFO : Start of finding missing values...
2024-10-30 15:29:18,842 : INFO : End of finding missing values...
2024-10-30 15:29:18,853 : INFO : Start of building final predictset...
2024-10-30 15:29:18,859 : INFO : End of building final predictset...
2024-10-30 15:29:18,859 : INFO : End of Preprocessing...
2024-10-30 15:29:18,859 : INFO : Start of Load Model
2024-10-30 15:29:18,860 : INFO : Model File KMeans loaded
2024-10-30 15:29:18,860 : INFO : End of Load Model
2024-10-30 15:29:18,871 : INFO : clusters loop started
2024-10-30 15:29:18,873 : INFO : Start of finding correct model
2024-10-30 15:29:18,874 : INFO : End of finding correct model
2024-10-30 15:29:18,874 : INFO : Start of Load Model
2024-10-30 15:29:18,874 : INFO : Model File XGBoost0 loaded
2024-10-30 15:29:18,874 : INFO : End of Load Model
2024-10-30 15:29:18,889 : INFO : Shape of Data (1, 9)
2024-10-30 15:29:18,901 : INFO : Shape of Data None
2024-10-30 15:29:18,905 : INFO : Output : [0]
2024-10-30 15:29:18,906 : INFO : End of Prediction
