2024-10-30 19:55:22,173 : INFO : Start of Prediction
2024-10-30 19:55:22,173 : INFO : run_id:2024-10-30_195522_655217230
2024-10-30 19:55:22,173 : INFO : Start of Preprocessing...
2024-10-30 19:55:22,173 : INFO : Start of feature encoding...
2024-10-30 19:55:22,190 : INFO : End of feature encoding...
2024-10-30 19:55:22,191 : INFO : Start of Droping Columns...
2024-10-30 19:55:22,194 : INFO : End of Droping Columns...
2024-10-30 19:55:22,194 : INFO : Start of finding missing values...
2024-10-30 19:55:22,197 : INFO : End of finding missing values...
2024-10-30 19:55:22,197 : INFO : Start of building final predictset...
2024-10-30 19:55:22,214 : INFO : End of building final predictset...
2024-10-30 19:55:22,214 : INFO : End of Preprocessing...
2024-10-30 19:55:22,215 : INFO : Start of Load Model
2024-10-30 19:55:22,224 : INFO : Model File KMeans loaded
2024-10-30 19:55:22,224 : INFO : End of Load Model
2024-10-30 19:55:22,431 : INFO : clusters loop started
2024-10-30 19:55:22,432 : INFO : Start of finding correct model
2024-10-30 19:55:22,433 : INFO : End of finding correct model
2024-10-30 19:55:22,433 : INFO : Start of Load Model
2024-10-30 19:55:22,441 : INFO : Model File XGBoost0 loaded
2024-10-30 19:55:22,441 : INFO : End of Load Model
2024-10-30 19:55:22,492 : INFO : Shape of Data (1, 9)
2024-10-30 19:55:22,505 : INFO : Shape of Data None
2024-10-30 19:55:22,520 : INFO : Output : [1]
2024-10-30 19:55:22,520 : INFO : End of Prediction
