2024-10-30 12:29:00,971 : INFO : Start of Prediction
2024-10-30 12:29:00,971 : INFO : run_id:2024-10-30_122900_773837713
2024-10-30 12:29:00,971 : INFO : Start of Preprocessing...
2024-10-30 12:29:00,971 : INFO : Start of feature encoding...
2024-10-30 12:29:00,972 : INFO : End of feature encoding...
2024-10-30 12:29:00,973 : INFO : Start of Droping Columns...
2024-10-30 12:29:00,973 : INFO : End of Droping Columns...
2024-10-30 12:29:00,973 : INFO : Start of finding missing values...
2024-10-30 12:29:00,975 : INFO : End of finding missing values...
2024-10-30 12:29:00,975 : INFO : Start of building final predictset...
2024-10-30 12:29:00,979 : INFO : End of building final predictset...
2024-10-30 12:29:00,979 : INFO : End of Preprocessing...
2024-10-30 12:29:00,979 : INFO : Start of Load Model
2024-10-30 12:29:00,979 : INFO : Model File KMeans loaded
2024-10-30 12:29:00,979 : INFO : End of Load Model
2024-10-30 12:29:00,985 : INFO : clusters loop started
2024-10-30 12:29:00,986 : INFO : Start of finding correct model
2024-10-30 12:29:00,987 : INFO : End of finding correct model
2024-10-30 12:29:00,987 : INFO : Start of Load Model
2024-10-30 12:29:00,987 : INFO : Model File XGBoost0 loaded
2024-10-30 12:29:00,987 : INFO : End of Load Model
2024-10-30 12:29:00,993 : INFO : Shape of Data (1, 9)
2024-10-30 12:29:00,997 : INFO : Shape of Data None
2024-10-30 12:29:00,999 : INFO : Output : [1]
2024-10-30 12:29:01,000 : INFO : End of Prediction
