2024-10-30 12:29:17,121 : INFO : Start of Prediction
2024-10-30 12:29:17,121 : INFO : run_id:2024-10-30_122917_901046499
2024-10-30 12:29:17,122 : INFO : Start of Preprocessing...
2024-10-30 12:29:17,122 : INFO : Start of feature encoding...
2024-10-30 12:29:17,124 : INFO : End of feature encoding...
2024-10-30 12:29:17,125 : INFO : Start of Droping Columns...
2024-10-30 12:29:17,126 : INFO : End of Droping Columns...
2024-10-30 12:29:17,127 : INFO : Start of finding missing values...
2024-10-30 12:29:17,128 : INFO : End of finding missing values...
2024-10-30 12:29:17,129 : INFO : Start of building final predictset...
2024-10-30 12:29:17,133 : INFO : End of building final predictset...
2024-10-30 12:29:17,134 : INFO : End of Preprocessing...
2024-10-30 12:29:17,134 : INFO : Start of Load Model
2024-10-30 12:29:17,134 : INFO : Model File KMeans loaded
2024-10-30 12:29:17,134 : INFO : End of Load Model
2024-10-30 12:29:17,219 : INFO : clusters loop started
2024-10-30 12:29:17,220 : INFO : Start of finding correct model
2024-10-30 12:29:17,220 : INFO : End of finding correct model
2024-10-30 12:29:17,220 : INFO : Start of Load Model
2024-10-30 12:29:17,220 : INFO : Model File XGBoost0 loaded
2024-10-30 12:29:17,220 : INFO : End of Load Model
2024-10-30 12:29:17,235 : INFO : Shape of Data (1, 9)
2024-10-30 12:29:17,240 : INFO : Shape of Data None
2024-10-30 12:29:17,243 : INFO : Output : [1]
2024-10-30 12:29:17,243 : INFO : End of Prediction
