2024-10-30 15:45:22,904 : INFO : Start of Prediction
2024-10-30 15:45:22,904 : INFO : run_id:2024-10-30_154522_677706829
2024-10-30 15:45:22,905 : INFO : Start of Preprocessing...
2024-10-30 15:45:22,905 : INFO : Start of feature encoding...
2024-10-30 15:45:22,908 : INFO : End of feature encoding...
2024-10-30 15:45:22,908 : INFO : Start of Droping Columns...
2024-10-30 15:45:22,909 : INFO : End of Droping Columns...
2024-10-30 15:45:22,909 : INFO : Start of finding missing values...
2024-10-30 15:45:22,911 : INFO : End of finding missing values...
2024-10-30 15:45:22,912 : INFO : Start of building final predictset...
2024-10-30 15:45:22,917 : INFO : End of building final predictset...
2024-10-30 15:45:22,918 : INFO : End of Preprocessing...
2024-10-30 15:45:22,918 : INFO : Start of Load Model
2024-10-30 15:45:22,918 : INFO : Model File KMeans loaded
2024-10-30 15:45:22,918 : INFO : End of Load Model
2024-10-30 15:45:23,039 : INFO : clusters loop started
2024-10-30 15:45:23,042 : INFO : Start of finding correct model
2024-10-30 15:45:23,043 : INFO : End of finding correct model
2024-10-30 15:45:23,043 : INFO : Start of Load Model
2024-10-30 15:45:23,043 : INFO : Model File XGBoost0 loaded
2024-10-30 15:45:23,043 : INFO : End of Load Model
2024-10-30 15:45:23,064 : INFO : Shape of Data (1, 9)
2024-10-30 15:45:23,073 : INFO : Shape of Data None
2024-10-30 15:45:23,077 : INFO : Output : [1]
2024-10-30 15:45:23,077 : INFO : End of Prediction
