2024-10-30 13:00:39,678 : INFO : Start of Prediction
2024-10-30 13:00:39,678 : INFO : run_id:2024-10-30_130039_276374984
2024-10-30 13:00:39,678 : INFO : Start of Preprocessing...
2024-10-30 13:00:39,678 : INFO : Start of feature encoding...
2024-10-30 13:00:39,681 : INFO : End of feature encoding...
2024-10-30 13:00:39,682 : INFO : Start of Droping Columns...
2024-10-30 13:00:39,684 : INFO : End of Droping Columns...
2024-10-30 13:00:39,684 : INFO : Start of finding missing values...
2024-10-30 13:00:39,686 : INFO : End of finding missing values...
2024-10-30 13:00:39,686 : INFO : Start of building final predictset...
2024-10-30 13:00:39,691 : INFO : End of building final predictset...
2024-10-30 13:00:39,691 : INFO : End of Preprocessing...
2024-10-30 13:00:39,692 : INFO : Start of Load Model
2024-10-30 13:00:39,692 : INFO : Model File KMeans loaded
2024-10-30 13:00:39,692 : INFO : End of Load Model
2024-10-30 13:00:39,772 : INFO : clusters loop started
2024-10-30 13:00:39,772 : INFO : Start of finding correct model
2024-10-30 13:00:39,773 : INFO : End of finding correct model
2024-10-30 13:00:39,773 : INFO : Start of Load Model
2024-10-30 13:00:39,773 : INFO : Model File XGBoost0 loaded
2024-10-30 13:00:39,773 : INFO : End of Load Model
2024-10-30 13:00:39,786 : INFO : Shape of Data (1, 9)
2024-10-30 13:00:39,791 : INFO : Shape of Data None
2024-10-30 13:00:39,793 : INFO : Output : [1]
2024-10-30 13:00:39,793 : INFO : End of Prediction
