2024-10-30 12:23:35,284 : INFO : Start of Prediction
2024-10-30 12:23:35,284 : INFO : run_id:2024-10-30_122335_785825268
2024-10-30 12:23:35,285 : INFO : Start of Preprocessing...
2024-10-30 12:23:35,285 : INFO : Start of feature encoding...
2024-10-30 12:23:35,287 : INFO : End of feature encoding...
2024-10-30 12:23:35,288 : INFO : Start of Droping Columns...
2024-10-30 12:23:35,288 : INFO : End of Droping Columns...
2024-10-30 12:23:35,288 : INFO : Start of finding missing values...
2024-10-30 12:23:35,289 : INFO : End of finding missing values...
2024-10-30 12:23:35,300 : INFO : Start of building final predictset...
2024-10-30 12:23:35,303 : INFO : End of building final predictset...
2024-10-30 12:23:35,303 : INFO : End of Preprocessing...
2024-10-30 12:23:35,303 : INFO : Start of Load Model
2024-10-30 12:23:35,304 : INFO : Model File KMeans loaded
2024-10-30 12:23:35,304 : INFO : End of Load Model
2024-10-30 12:23:35,399 : INFO : clusters loop started
2024-10-30 12:23:35,400 : INFO : Start of finding correct model
2024-10-30 12:23:35,401 : INFO : End of finding correct model
2024-10-30 12:23:35,401 : INFO : Start of Load Model
2024-10-30 12:23:35,414 : INFO : Model File XGBoost0 loaded
2024-10-30 12:23:35,415 : INFO : End of Load Model
2024-10-30 12:23:35,443 : INFO : Shape of Data (1, 9)
2024-10-30 12:23:35,452 : INFO : Shape of Data None
2024-10-30 12:23:35,458 : INFO : Output : [1]
2024-10-30 12:23:35,458 : INFO : End of Prediction
