2024-10-30 15:28:25,021 : INFO : Start of Prediction
2024-10-30 15:28:25,022 : INFO : run_id:2024-10-30_152825_544116225
2024-10-30 15:28:25,022 : INFO : Start of Preprocessing...
2024-10-30 15:28:25,022 : INFO : Start of feature encoding...
2024-10-30 15:28:25,025 : INFO : End of feature encoding...
2024-10-30 15:28:25,026 : INFO : Start of Droping Columns...
2024-10-30 15:28:25,027 : INFO : End of Droping Columns...
2024-10-30 15:28:25,027 : INFO : Start of finding missing values...
2024-10-30 15:28:25,029 : INFO : End of finding missing values...
2024-10-30 15:28:25,039 : INFO : Start of building final predictset...
2024-10-30 15:28:25,046 : INFO : End of building final predictset...
2024-10-30 15:28:25,046 : INFO : End of Preprocessing...
2024-10-30 15:28:25,046 : INFO : Start of Load Model
2024-10-30 15:28:25,047 : INFO : Model File KMeans loaded
2024-10-30 15:28:25,047 : INFO : End of Load Model
2024-10-30 15:28:25,058 : INFO : clusters loop started
2024-10-30 15:28:25,061 : INFO : Start of finding correct model
2024-10-30 15:28:25,061 : INFO : End of finding correct model
2024-10-30 15:28:25,061 : INFO : Start of Load Model
2024-10-30 15:28:25,074 : INFO : Model File XGBoost2 loaded
2024-10-30 15:28:25,075 : INFO : End of Load Model
2024-10-30 15:28:25,083 : INFO : Shape of Data (1, 9)
2024-10-30 15:28:25,092 : INFO : Shape of Data None
2024-10-30 15:28:25,096 : INFO : Output : [0]
2024-10-30 15:28:25,096 : INFO : End of Prediction
