2024-10-30 15:28:30,007 : INFO : Start of Prediction
2024-10-30 15:28:30,007 : INFO : run_id:2024-10-30_152829_800683290
2024-10-30 15:28:30,007 : INFO : Start of Preprocessing...
2024-10-30 15:28:30,008 : INFO : Start of feature encoding...
2024-10-30 15:28:30,011 : INFO : End of feature encoding...
2024-10-30 15:28:30,012 : INFO : Start of Droping Columns...
2024-10-30 15:28:30,014 : INFO : End of Droping Columns...
2024-10-30 15:28:30,014 : INFO : Start of finding missing values...
2024-10-30 15:28:30,016 : INFO : End of finding missing values...
2024-10-30 15:28:30,028 : INFO : Start of building final predictset...
2024-10-30 15:28:30,033 : INFO : End of building final predictset...
2024-10-30 15:28:30,033 : INFO : End of Preprocessing...
2024-10-30 15:28:30,033 : INFO : Start of Load Model
2024-10-30 15:28:30,034 : INFO : Model File KMeans loaded
2024-10-30 15:28:30,034 : INFO : End of Load Model
2024-10-30 15:28:30,042 : INFO : clusters loop started
2024-10-30 15:28:30,046 : INFO : Start of finding correct model
2024-10-30 15:28:30,046 : INFO : End of finding correct model
2024-10-30 15:28:30,047 : INFO : Start of Load Model
2024-10-30 15:28:30,047 : INFO : Model File XGBoost2 loaded
2024-10-30 15:28:30,047 : INFO : End of Load Model
2024-10-30 15:28:30,052 : INFO : Shape of Data (1, 9)
2024-10-30 15:28:30,060 : INFO : Shape of Data None
2024-10-30 15:28:30,064 : INFO : Output : [0]
2024-10-30 15:28:30,064 : INFO : End of Prediction
