2024-10-30 15:29:18,355 : INFO : Start of Prediction
2024-10-30 15:29:18,355 : INFO : run_id:2024-10-30_152918_613598895
2024-10-30 15:29:18,355 : INFO : Start of Preprocessing...
2024-10-30 15:29:18,356 : INFO : Start of feature encoding...
2024-10-30 15:29:18,358 : INFO : End of feature encoding...
2024-10-30 15:29:18,359 : INFO : Start of Droping Columns...
2024-10-30 15:29:18,360 : INFO : End of Droping Columns...
2024-10-30 15:29:18,361 : INFO : Start of finding missing values...
2024-10-30 15:29:18,363 : INFO : End of finding missing values...
2024-10-30 15:29:18,374 : INFO : Start of building final predictset...
2024-10-30 15:29:18,380 : INFO : End of building final predictset...
2024-10-30 15:29:18,380 : INFO : End of Preprocessing...
2024-10-30 15:29:18,380 : INFO : Start of Load Model
2024-10-30 15:29:18,381 : INFO : Model File KMeans loaded
2024-10-30 15:29:18,381 : INFO : End of Load Model
2024-10-30 15:29:18,389 : INFO : clusters loop started
2024-10-30 15:29:18,391 : INFO : Start of finding correct model
2024-10-30 15:29:18,393 : INFO : End of finding correct model
2024-10-30 15:29:18,393 : INFO : Start of Load Model
2024-10-30 15:29:18,393 : INFO : Model File XGBoost0 loaded
2024-10-30 15:29:18,393 : INFO : End of Load Model
2024-10-30 15:29:18,403 : INFO : Shape of Data (1, 9)
2024-10-30 15:29:18,411 : INFO : Shape of Data None
2024-10-30 15:29:18,414 : INFO : Output : [0]
2024-10-30 15:29:18,414 : INFO : End of Prediction
