2024-10-30 15:28:35,060 : INFO : Start of Prediction
2024-10-30 15:28:35,060 : INFO : run_id:2024-10-30_152835_319612892
2024-10-30 15:28:35,060 : INFO : Start of Preprocessing...
2024-10-30 15:28:35,060 : INFO : Start of feature encoding...
2024-10-30 15:28:35,062 : INFO : End of feature encoding...
2024-10-30 15:28:35,064 : INFO : Start of Droping Columns...
2024-10-30 15:28:35,066 : INFO : End of Droping Columns...
2024-10-30 15:28:35,066 : INFO : Start of finding missing values...
2024-10-30 15:28:35,068 : INFO : End of finding missing values...
2024-10-30 15:28:35,080 : INFO : Start of building final predictset...
2024-10-30 15:28:35,086 : INFO : End of building final predictset...
2024-10-30 15:28:35,086 : INFO : End of Preprocessing...
2024-10-30 15:28:35,086 : INFO : Start of Load Model
2024-10-30 15:28:35,087 : INFO : Model File KMeans loaded
2024-10-30 15:28:35,087 : INFO : End of Load Model
2024-10-30 15:28:35,094 : INFO : clusters loop started
2024-10-30 15:28:35,097 : INFO : Start of finding correct model
2024-10-30 15:28:35,098 : INFO : End of finding correct model
2024-10-30 15:28:35,098 : INFO : Start of Load Model
2024-10-30 15:28:35,098 : INFO : Model File XGBoost2 loaded
2024-10-30 15:28:35,098 : INFO : End of Load Model
2024-10-30 15:28:35,104 : INFO : Shape of Data (1, 9)
2024-10-30 15:28:35,111 : INFO : Shape of Data None
2024-10-30 15:28:35,115 : INFO : Output : [0]
2024-10-30 15:28:35,116 : INFO : End of Prediction
