2024-10-30 15:29:12,116 : INFO : Start of Prediction
2024-10-30 15:29:12,117 : INFO : run_id:2024-10-30_152912_841255775
2024-10-30 15:29:12,117 : INFO : Start of Preprocessing...
2024-10-30 15:29:12,117 : INFO : Start of feature encoding...
2024-10-30 15:29:12,120 : INFO : End of feature encoding...
2024-10-30 15:29:12,120 : INFO : Start of Droping Columns...
2024-10-30 15:29:12,121 : INFO : End of Droping Columns...
2024-10-30 15:29:12,122 : INFO : Start of finding missing values...
2024-10-30 15:29:12,123 : INFO : End of finding missing values...
2024-10-30 15:29:12,134 : INFO : Start of building final predictset...
2024-10-30 15:29:12,139 : INFO : End of building final predictset...
2024-10-30 15:29:12,139 : INFO : End of Preprocessing...
2024-10-30 15:29:12,139 : INFO : Start of Load Model
2024-10-30 15:29:12,140 : INFO : Model File KMeans loaded
2024-10-30 15:29:12,140 : INFO : End of Load Model
2024-10-30 15:29:12,151 : INFO : clusters loop started
2024-10-30 15:29:12,153 : INFO : Start of finding correct model
2024-10-30 15:29:12,154 : INFO : End of finding correct model
2024-10-30 15:29:12,154 : INFO : Start of Load Model
2024-10-30 15:29:12,154 : INFO : Model File XGBoost0 loaded
2024-10-30 15:29:12,154 : INFO : End of Load Model
2024-10-30 15:29:12,168 : INFO : Shape of Data (1, 9)
2024-10-30 15:29:12,176 : INFO : Shape of Data None
2024-10-30 15:29:12,182 : INFO : Output : [0]
2024-10-30 15:29:12,182 : INFO : End of Prediction
