2024-10-29 21:04:10,728 : INFO : Start of Training
2024-10-29 21:04:10,729 : INFO : Run_id:2024-10-29_210410_787759136
2024-10-29 21:04:10,729 : INFO : Start of Data Load, validation and transformation
2024-10-29 21:04:10,729 : INFO : Start of Archiving Old Rejected Files...
2024-10-29 21:04:10,729 : INFO : End of Archiving Old Rejected Files...
2024-10-29 21:04:10,731 : INFO : Start of Archiving Old Validated Files...
2024-10-29 21:04:10,731 : INFO : End of Archiving Old Validated Files...
2024-10-29 21:04:10,731 : INFO : Start of Archiving Old Processed Files...
2024-10-29 21:04:10,732 : INFO : End of Archiving Old Processed Files...
2024-10-29 21:04:10,732 : INFO : Start of Archiving Old Result Files...
2024-10-29 21:04:10,732 : INFO : End of Archiving Old Result Files...
2024-10-29 21:04:10,732 : INFO : Start of Reading values From Schema...
2024-10-29 21:04:10,733 : INFO : End of Reading values From Schema...
2024-10-29 21:04:10,733 : INFO : Start of Validating Column Length...
2024-10-29 21:04:10,763 : INFO : End of Validating Column Length...
2024-10-29 21:04:10,763 : INFO : Start of Validating Missing Values...
2024-10-29 21:04:10,782 : INFO : End of Validating Missing Values...
2024-10-29 21:04:10,782 : INFO : Start of Replacing Missing Values with NULL...
2024-10-29 21:04:10,858 : INFO : hr_employee_churn_data.csv: File Transformed successfully!!
2024-10-29 21:04:10,858 : INFO : End of Replacing Missing Values with NULL...
2024-10-29 21:04:10,859 : INFO : Start of Creating Table...
2024-10-29 21:04:10,868 : INFO : Opened training database successfully
2024-10-29 21:04:10,889 : INFO : CREATE TABLE training_raw_data_t column_name
2024-10-29 21:04:10,898 : INFO : ALTER TABLE training_raw_data_t ADD COLUMN
2024-10-29 21:04:10,907 : INFO : ALTER TABLE training_raw_data_t ADD COLUMN
2024-10-29 21:04:10,915 : INFO : ALTER TABLE training_raw_data_t ADD COLUMN
2024-10-29 21:04:10,925 : INFO : ALTER TABLE training_raw_data_t ADD COLUMN
2024-10-29 21:04:10,933 : INFO : ALTER TABLE training_raw_data_t ADD COLUMN
2024-10-29 21:04:10,940 : INFO : ALTER TABLE training_raw_data_t ADD COLUMN
2024-10-29 21:04:10,950 : INFO : ALTER TABLE training_raw_data_t ADD COLUMN
2024-10-29 21:04:10,959 : INFO : ALTER TABLE training_raw_data_t ADD COLUMN
2024-10-29 21:04:10,968 : INFO : ALTER TABLE training_raw_data_t ADD COLUMN
2024-10-29 21:04:10,968 : INFO : End of Creating Table...
2024-10-29 21:04:10,970 : INFO : Opened training database successfully
2024-10-29 21:04:10,971 : INFO : Start of Inserting Data into Table...
2024-10-29 21:06:40,970 : INFO : End of Inserting Data into Table...
2024-10-29 21:06:40,970 : INFO : Start of Exporting Data into CSV...
2024-10-29 21:06:40,971 : INFO : Opened training database successfully
2024-10-29 21:06:41,030 : INFO : End of Exporting Data into CSV...
2024-10-29 21:06:41,032 : INFO : Start of Moving Processed Files...
2024-10-29 21:06:41,033 : INFO : Moved the already processed file hr_employee_churn_data.csv
2024-10-29 21:06:41,034 : INFO : End of Moving Processed Files...
2024-10-29 21:06:41,034 : INFO : End of Data Load, validation and transformation
2024-10-29 21:06:41,034 : INFO : Start of Preprocessing...
2024-10-29 21:06:41,034 : INFO : Start of reading dataset...
2024-10-29 21:06:41,053 : INFO : End of reading dataset...
2024-10-29 21:06:41,054 : INFO : Start of Droping Columns...
2024-10-29 21:06:41,063 : INFO : End of Droping Columns...
2024-10-29 21:06:41,063 : INFO : Start of feature encoding...
2024-10-29 21:06:41,071 : INFO : End of feature encoding...
2024-10-29 21:06:41,072 : INFO : Start of Droping Columns...
2024-10-29 21:06:41,074 : INFO : End of Droping Columns...
2024-10-29 21:06:41,074 : INFO : Start of finding missing values...
2024-10-29 21:06:41,079 : INFO : End of finding missing values...
2024-10-29 21:06:41,080 : INFO : Start of imputing missing values...
2024-10-29 21:06:41,100 : INFO : End of imputing missing values...
2024-10-29 21:06:41,100 : INFO : Start of splitting features and label ...
2024-10-29 21:06:41,101 : INFO : End of splitting features and label ...
2024-10-29 21:06:41,101 : INFO : End of Preprocessing...
2024-10-29 21:06:41,102 : INFO : Start of elbow plotting...
2024-10-29 21:06:42,578 : INFO : The optimum number of clusters is: 3
2024-10-29 21:06:42,578 : INFO : End of elbow plotting...
2024-10-29 21:06:42,578 : INFO : Start of Create clusters...
2024-10-29 21:06:42,650 : INFO : Start of Save Models
2024-10-29 21:06:42,650 : INFO : Start of Save Models
2024-10-29 21:06:42,655 : INFO : Model File KMeans saved
2024-10-29 21:06:42,655 : INFO : Model File KMeans saved
2024-10-29 21:06:42,655 : INFO : End of Save Models
2024-10-29 21:06:42,655 : INFO : End of Save Models
2024-10-29 21:06:42,656 : INFO : succesfully created 3clusters.
2024-10-29 21:06:42,656 : INFO : End of Create clusters...
2024-10-29 21:06:42,663 : INFO : Start of finding best model...
2024-10-29 21:06:42,663 : INFO : Start of finding best params for XGBoost algo...
2024-10-29 21:07:13,916 : INFO : XGBoost best params: {'learning_rate': 0.5, 'max_depth': 10, 'n_estimators': 200}
2024-10-29 21:07:13,916 : INFO : End of finding best params for XGBoost algo...
2024-10-29 21:07:13,924 : INFO : AUC for XGBoost:0.983593869701696
2024-10-29 21:07:13,924 : INFO : Start of finding best params for randomforest algo...
2024-10-29 21:07:35,630 : INFO : Random Forest best params: {'criterion': 'gini', 'max_depth': 3, 'max_features': 'log2', 'n_estimators': 50}
2024-10-29 21:07:35,630 : INFO : End of finding best params for randomforest algo...
2024-10-29 21:07:35,636 : INFO : AUC for XGBoost:0.9645673158140795
2024-10-29 21:07:35,636 : INFO : End of finding best model...
2024-10-29 21:07:35,636 : INFO : Start of Save Models
2024-10-29 21:07:35,636 : INFO : Start of Save Models
2024-10-29 21:07:35,645 : INFO : Model File XGBoost0 saved
2024-10-29 21:07:35,645 : INFO : Model File XGBoost0 saved
2024-10-29 21:07:35,645 : INFO : End of Save Models
2024-10-29 21:07:35,645 : INFO : End of Save Models
2024-10-29 21:07:35,648 : INFO : Start of finding best model...
2024-10-29 21:07:35,648 : INFO : Start of finding best params for XGBoost algo...
2024-10-29 21:08:07,267 : INFO : XGBoost best params: {'learning_rate': 0.1, 'max_depth': 10, 'n_estimators': 100}
2024-10-29 21:08:07,267 : INFO : End of finding best params for XGBoost algo...
2024-10-29 21:08:07,271 : INFO : AUC for XGBoost:0.9832103511442503
2024-10-29 21:08:07,271 : INFO : Start of finding best params for randomforest algo...
2024-10-29 21:08:28,839 : INFO : Random Forest best params: {'criterion': 'entropy', 'max_depth': 3, 'max_features': 'log2', 'n_estimators': 100}
2024-10-29 21:08:28,839 : INFO : End of finding best params for randomforest algo...
2024-10-29 21:08:28,848 : INFO : AUC for XGBoost:0.9620303241397699
2024-10-29 21:08:28,848 : INFO : End of finding best model...
2024-10-29 21:08:28,849 : INFO : Start of Save Models
2024-10-29 21:08:28,849 : INFO : Start of Save Models
2024-10-29 21:08:28,863 : INFO : Model File XGBoost1 saved
2024-10-29 21:08:28,863 : INFO : Model File XGBoost1 saved
2024-10-29 21:08:28,863 : INFO : End of Save Models
2024-10-29 21:08:28,863 : INFO : End of Save Models
2024-10-29 21:08:28,866 : INFO : Start of finding best model...
2024-10-29 21:08:28,866 : INFO : Start of finding best params for XGBoost algo...
2024-10-29 21:08:56,289 : INFO : XGBoost best params: {'learning_rate': 0.5, 'max_depth': 20, 'n_estimators': 50}
2024-10-29 21:08:56,289 : INFO : End of finding best params for XGBoost algo...
2024-10-29 21:08:56,294 : INFO : AUC for XGBoost:0.9081905910735827
2024-10-29 21:08:56,294 : INFO : Start of finding best params for randomforest algo...
2024-10-29 21:09:19,549 : INFO : Random Forest best params: {'criterion': 'entropy', 'max_depth': 3, 'max_features': 'log2', 'n_estimators': 10}
2024-10-29 21:09:19,550 : INFO : End of finding best params for randomforest algo...
2024-10-29 21:09:19,554 : INFO : AUC for XGBoost:0.8187937273823885
2024-10-29 21:09:19,554 : INFO : End of finding best model...
2024-10-29 21:09:19,554 : INFO : Start of Save Models
2024-10-29 21:09:19,554 : INFO : Start of Save Models
2024-10-29 21:09:19,558 : INFO : Model File XGBoost2 saved
2024-10-29 21:09:19,558 : INFO : Model File XGBoost2 saved
2024-10-29 21:09:19,558 : INFO : End of Save Models
2024-10-29 21:09:19,558 : INFO : End of Save Models
2024-10-29 21:09:19,558 : INFO : End of Training
